{"/Users/Ragglesoft/Desktop/Rithm/week11/week11-day1/dsa-arrays-linked-lists/linked-list.js": {"path":"/Users/Ragglesoft/Desktop/Rithm/week11/week11-day1/dsa-arrays-linked-lists/linked-list.js","statementMap":{"0":{"start":{"line":4,"column":8},"end":{"line":4,"column":12}},"1":{"start":{"line":5,"column":9},"end":{"line":5,"column":13}},"2":{"start":{"line":8,"column":4},"end":{"line":8,"column":19}},"3":{"start":{"line":15,"column":9},"end":{"line":15,"column":13}},"4":{"start":{"line":16,"column":9},"end":{"line":16,"column":13}},"5":{"start":{"line":17,"column":11},"end":{"line":17,"column":12}},"6":{"start":{"line":20,"column":4},"end":{"line":20,"column":41}},"7":{"start":{"line":20,"column":26},"end":{"line":20,"column":41}},"8":{"start":{"line":26,"column":20},"end":{"line":26,"column":33}},"9":{"start":{"line":29,"column":4},"end":{"line":35,"column":5}},"10":{"start":{"line":30,"column":6},"end":{"line":30,"column":26}},"11":{"start":{"line":31,"column":6},"end":{"line":31,"column":26}},"12":{"start":{"line":33,"column":6},"end":{"line":33,"column":31}},"13":{"start":{"line":34,"column":6},"end":{"line":34,"column":26}},"14":{"start":{"line":36,"column":4},"end":{"line":36,"column":18}},"15":{"start":{"line":41,"column":20},"end":{"line":41,"column":33}},"16":{"start":{"line":43,"column":4},"end":{"line":49,"column":5}},"17":{"start":{"line":44,"column":6},"end":{"line":44,"column":26}},"18":{"start":{"line":45,"column":6},"end":{"line":45,"column":26}},"19":{"start":{"line":47,"column":6},"end":{"line":47,"column":31}},"20":{"start":{"line":48,"column":6},"end":{"line":48,"column":26}},"21":{"start":{"line":50,"column":4},"end":{"line":50,"column":18}},"22":{"start":{"line":57,"column":4},"end":{"line":74,"column":5}},"23":{"start":{"line":57,"column":50},"end":{"line":57,"column":62}},"24":{"start":{"line":58,"column":9},"end":{"line":74,"column":5}},"25":{"start":{"line":59,"column":16},"end":{"line":59,"column":29}},"26":{"start":{"line":60,"column":6},"end":{"line":60,"column":23}},"27":{"start":{"line":61,"column":6},"end":{"line":61,"column":23}},"28":{"start":{"line":62,"column":6},"end":{"line":62,"column":20}},"29":{"start":{"line":63,"column":6},"end":{"line":63,"column":17}},"30":{"start":{"line":65,"column":20},"end":{"line":65,"column":29}},"31":{"start":{"line":66,"column":6},"end":{"line":68,"column":7}},"32":{"start":{"line":67,"column":8},"end":{"line":67,"column":31}},"33":{"start":{"line":69,"column":6},"end":{"line":69,"column":26}},"34":{"start":{"line":70,"column":16},"end":{"line":70,"column":34}},"35":{"start":{"line":71,"column":6},"end":{"line":71,"column":28}},"36":{"start":{"line":72,"column":6},"end":{"line":72,"column":20}},"37":{"start":{"line":73,"column":6},"end":{"line":73,"column":17}},"38":{"start":{"line":80,"column":4},"end":{"line":92,"column":5}},"39":{"start":{"line":80,"column":28},"end":{"line":80,"column":40}},"40":{"start":{"line":81,"column":9},"end":{"line":92,"column":5}},"41":{"start":{"line":82,"column":16},"end":{"line":82,"column":29}},"42":{"start":{"line":83,"column":6},"end":{"line":83,"column":23}},"43":{"start":{"line":84,"column":6},"end":{"line":84,"column":23}},"44":{"start":{"line":85,"column":6},"end":{"line":85,"column":20}},"45":{"start":{"line":86,"column":6},"end":{"line":86,"column":17}},"46":{"start":{"line":88,"column":16},"end":{"line":88,"column":29}},"47":{"start":{"line":89,"column":6},"end":{"line":89,"column":33}},"48":{"start":{"line":90,"column":6},"end":{"line":90,"column":20}},"49":{"start":{"line":91,"column":6},"end":{"line":91,"column":17}},"50":{"start":{"line":116,"column":0},"end":{"line":116,"column":28}}},"fnMap":{"0":{"name":"(anonymous_0)","decl":{"start":{"line":7,"column":2},"end":{"line":7,"column":3}},"loc":{"start":{"line":7,"column":19},"end":{"line":9,"column":3}},"line":7},"1":{"name":"(anonymous_1)","decl":{"start":{"line":19,"column":2},"end":{"line":19,"column":3}},"loc":{"start":{"line":19,"column":25},"end":{"line":21,"column":3}},"line":19},"2":{"name":"(anonymous_2)","decl":{"start":{"line":25,"column":2},"end":{"line":25,"column":3}},"loc":{"start":{"line":25,"column":12},"end":{"line":37,"column":3}},"line":25},"3":{"name":"(anonymous_3)","decl":{"start":{"line":40,"column":2},"end":{"line":40,"column":3}},"loc":{"start":{"line":40,"column":15},"end":{"line":51,"column":3}},"line":40},"4":{"name":"(anonymous_4)","decl":{"start":{"line":55,"column":2},"end":{"line":55,"column":3}},"loc":{"start":{"line":55,"column":8},"end":{"line":75,"column":3}},"line":55},"5":{"name":"(anonymous_5)","decl":{"start":{"line":79,"column":2},"end":{"line":79,"column":3}},"loc":{"start":{"line":79,"column":10},"end":{"line":93,"column":3}},"line":79},"6":{"name":"(anonymous_6)","decl":{"start":{"line":97,"column":2},"end":{"line":97,"column":3}},"loc":{"start":{"line":97,"column":13},"end":{"line":97,"column":15}},"line":97},"7":{"name":"(anonymous_7)","decl":{"start":{"line":101,"column":2},"end":{"line":101,"column":3}},"loc":{"start":{"line":101,"column":18},"end":{"line":101,"column":20}},"line":101},"8":{"name":"(anonymous_8)","decl":{"start":{"line":105,"column":2},"end":{"line":105,"column":3}},"loc":{"start":{"line":105,"column":21},"end":{"line":105,"column":23}},"line":105},"9":{"name":"(anonymous_9)","decl":{"start":{"line":109,"column":2},"end":{"line":109,"column":3}},"loc":{"start":{"line":109,"column":16},"end":{"line":109,"column":18}},"line":109},"10":{"name":"(anonymous_10)","decl":{"start":{"line":113,"column":2},"end":{"line":113,"column":3}},"loc":{"start":{"line":113,"column":12},"end":{"line":113,"column":14}},"line":113}},"branchMap":{"0":{"loc":{"start":{"line":19,"column":14},"end":{"line":19,"column":23}},"type":"default-arg","locations":[{"start":{"line":19,"column":21},"end":{"line":19,"column":23}}],"line":19},"1":{"loc":{"start":{"line":29,"column":4},"end":{"line":35,"column":5}},"type":"if","locations":[{"start":{"line":29,"column":4},"end":{"line":35,"column":5}},{"start":{"line":29,"column":4},"end":{"line":35,"column":5}}],"line":29},"2":{"loc":{"start":{"line":43,"column":4},"end":{"line":49,"column":5}},"type":"if","locations":[{"start":{"line":43,"column":4},"end":{"line":49,"column":5}},{"start":{"line":43,"column":4},"end":{"line":49,"column":5}}],"line":43},"3":{"loc":{"start":{"line":57,"column":4},"end":{"line":74,"column":5}},"type":"if","locations":[{"start":{"line":57,"column":4},"end":{"line":74,"column":5}},{"start":{"line":57,"column":4},"end":{"line":74,"column":5}}],"line":57},"4":{"loc":{"start":{"line":57,"column":8},"end":{"line":57,"column":48}},"type":"binary-expr","locations":[{"start":{"line":57,"column":8},"end":{"line":57,"column":26}},{"start":{"line":57,"column":30},"end":{"line":57,"column":48}}],"line":57},"5":{"loc":{"start":{"line":58,"column":9},"end":{"line":74,"column":5}},"type":"if","locations":[{"start":{"line":58,"column":9},"end":{"line":74,"column":5}},{"start":{"line":58,"column":9},"end":{"line":74,"column":5}}],"line":58},"6":{"loc":{"start":{"line":80,"column":4},"end":{"line":92,"column":5}},"type":"if","locations":[{"start":{"line":80,"column":4},"end":{"line":92,"column":5}},{"start":{"line":80,"column":4},"end":{"line":92,"column":5}}],"line":80},"7":{"loc":{"start":{"line":81,"column":9},"end":{"line":92,"column":5}},"type":"if","locations":[{"start":{"line":81,"column":9},"end":{"line":92,"column":5}},{"start":{"line":81,"column":9},"end":{"line":92,"column":5}}],"line":81}},"s":{"0":10,"1":10,"2":10,"3":4,"4":4,"5":4,"6":4,"7":4,"8":7,"9":7,"10":3,"11":3,"12":4,"13":4,"14":7,"15":3,"16":3,"17":1,"18":1,"19":2,"20":2,"21":3,"22":2,"23":0,"24":2,"25":1,"26":1,"27":1,"28":1,"29":1,"30":1,"31":1,"32":0,"33":1,"34":1,"35":1,"36":1,"37":1,"38":2,"39":0,"40":2,"41":1,"42":1,"43":1,"44":1,"45":1,"46":1,"47":1,"48":1,"49":1,"50":1},"f":{"0":10,"1":4,"2":7,"3":3,"4":2,"5":2,"6":0,"7":0,"8":0,"9":0,"10":0},"b":{"0":[2],"1":[3,4],"2":[1,2],"3":[0,2],"4":[2,2],"5":[1,1],"6":[0,2],"7":[1,1]},"_coverageSchema":"1a1c01bbd47fc00a2c39e90264f33305004495a9","hash":"cd5e45d7c177fdd2da95ca67dc04bb36a6fb1a8d"}
}
