TN:
SF:linked-list.js
FN:7,(anonymous_0)
FN:19,(anonymous_1)
FN:25,(anonymous_2)
FN:40,(anonymous_3)
FN:55,(anonymous_4)
FN:79,(anonymous_5)
FN:97,(anonymous_6)
FN:101,(anonymous_7)
FN:105,(anonymous_8)
FN:109,(anonymous_9)
FN:113,(anonymous_10)
FNF:11
FNH:6
FNDA:10,(anonymous_0)
FNDA:4,(anonymous_1)
FNDA:7,(anonymous_2)
FNDA:3,(anonymous_3)
FNDA:2,(anonymous_4)
FNDA:2,(anonymous_5)
FNDA:0,(anonymous_6)
FNDA:0,(anonymous_7)
FNDA:0,(anonymous_8)
FNDA:0,(anonymous_9)
FNDA:0,(anonymous_10)
DA:4,10
DA:5,10
DA:8,10
DA:15,4
DA:16,4
DA:17,4
DA:20,4
DA:26,7
DA:29,7
DA:30,3
DA:31,3
DA:33,4
DA:34,4
DA:36,7
DA:41,3
DA:43,3
DA:44,1
DA:45,1
DA:47,2
DA:48,2
DA:50,3
DA:57,2
DA:58,2
DA:59,1
DA:60,1
DA:61,1
DA:62,1
DA:63,1
DA:65,1
DA:66,1
DA:67,0
DA:69,1
DA:70,1
DA:71,1
DA:72,1
DA:73,1
DA:80,2
DA:81,2
DA:82,1
DA:83,1
DA:84,1
DA:85,1
DA:86,1
DA:88,1
DA:89,1
DA:90,1
DA:91,1
DA:116,1
LF:48
LH:47
BRDA:19,0,0,2
BRDA:29,1,0,3
BRDA:29,1,1,4
BRDA:43,2,0,1
BRDA:43,2,1,2
BRDA:57,3,0,0
BRDA:57,3,1,2
BRDA:57,4,0,2
BRDA:57,4,1,2
BRDA:58,5,0,1
BRDA:58,5,1,1
BRDA:80,6,0,0
BRDA:80,6,1,2
BRDA:81,7,0,1
BRDA:81,7,1,1
BRF:15
BRH:13
end_of_record
